<?xml version="1.0" encoding="UTF-8" ?>
<testsuites>
  <testsuite errors="2" failures="0" hostname="mac13443.ucsd.edu" id="0" name="BillingHelperTest" package="edu.ucsd.library.apbatch" skipped="0" tests="2" time="0.077" timestamp="2017-06-26T18:39:40">
      <properties>
[...]
</properties>

      <testcase classname="edu.ucsd.library.apbatch.BillingHelperTest" name="validateData" time="0.043">
          <error type="java.lang.NullPointerException">java.lang.NullPointerException
	at edu.ucsd.library.apbatch.ApbatchConnection.getTestConnection(ApbatchConnection.java:31)
	at edu.ucsd.library.apbatch.BillingHelper.loadInputMaps(BillingHelper.java:97)
	at edu.ucsd.library.apbatch.BillingHelper.init(BillingHelper.java:83)
	at edu.ucsd.library.apbatch.BillingHelper.&lt;init&gt;(BillingHelper.java:79)
	at edu.ucsd.library.apbatch.BillingHelperTest.setUp(BillingHelperTest.java:28)
</error>

      </testcase>

      <testcase classname="edu.ucsd.library.apbatch.BillingHelperTest" name="testProcessOutFile" time="0.0">
          <error type="java.lang.NullPointerException">java.lang.NullPointerException
	at edu.ucsd.library.apbatch.ApbatchConnection.getTestConnection(ApbatchConnection.java:31)
	at edu.ucsd.library.apbatch.BillingHelper.loadInputMaps(BillingHelper.java:97)
	at edu.ucsd.library.apbatch.BillingHelper.init(BillingHelper.java:83)
	at edu.ucsd.library.apbatch.BillingHelper.&lt;init&gt;(BillingHelper.java:79)
	at edu.ucsd.library.apbatch.BillingHelperTest.setUp(BillingHelperTest.java:28)
</error>

      </testcase>

      <system-out><![CDATA[Error loading properties file!-filePath:/Users/tchu/Downloads/work/appbatch-ucsd/apbatch/common/apbatch/datasource.properties
Error loading properties file!-filePath:/Users/tchu/Downloads/work/appbatch-ucsd/apbatch/common/apbatch/datasource.properties
]]></system-out>

      <system-err><![CDATA[]]></system-err>

  </testsuite>
  <testsuite errors="1" failures="0" hostname="mac13443.ucsd.edu" id="1" name="JunitTestSuite" package="edu.ucsd.library.apbatch" skipped="0" tests="1" time="0.07" timestamp="2017-06-26T18:39:40">
      <properties>
[...]
</properties>

      <testcase classname="edu.ucsd.library.apbatch.ProcessFileTest" name="testProcessOutFile" time="0.039">
          <error type="java.lang.NullPointerException">java.lang.NullPointerException
	at edu.ucsd.library.apbatch.ApbatchConnection.getTestConnection(ApbatchConnection.java:31)
	at edu.ucsd.library.apbatch.ProcessFile.getTaxCode(ProcessFile.java:711)
	at edu.ucsd.library.apbatch.ProcessFile.processOutFile(ProcessFile.java:591)
	at edu.ucsd.library.apbatch.ProcessFileTest.testProcessOutFile(ProcessFileTest.java:31)
</error>

      </testcase>

      <system-out><![CDATA[Error loading properties file!-filePath:/Users/tchu/Downloads/work/appbatch-ucsd/apbatch/common/apbatch/datasource.properties
]]></system-out>

      <system-err><![CDATA[]]></system-err>

  </testsuite>
  <testsuite errors="1" failures="0" hostname="mac13443.ucsd.edu" id="2" name="ProcessFileTest" package="edu.ucsd.library.apbatch" skipped="0" tests="1" time="0.072" timestamp="2017-06-26T18:39:41">
      <properties>
[...]
</properties>

      <testcase classname="edu.ucsd.library.apbatch.ProcessFileTest" name="testProcessOutFile" time="0.041">
          <error type="java.lang.NullPointerException">java.lang.NullPointerException
	at edu.ucsd.library.apbatch.ApbatchConnection.getTestConnection(ApbatchConnection.java:31)
	at edu.ucsd.library.apbatch.ProcessFile.getTaxCode(ProcessFile.java:711)
	at edu.ucsd.library.apbatch.ProcessFile.processOutFile(ProcessFile.java:591)
	at edu.ucsd.library.apbatch.ProcessFileTest.testProcessOutFile(ProcessFileTest.java:31)
</error>

      </testcase>

      <system-out><![CDATA[Error loading properties file!-filePath:/Users/tchu/Downloads/work/appbatch-ucsd/apbatch/common/apbatch/datasource.properties
]]></system-out>

      <system-err><![CDATA[]]></system-err>

  </testsuite>
</testsuites>
